#
# A fatal error has been detected by the Java Runtime Environment:
#
#  EXCEPTION_ACCESS_VIOLATION (0xc0000005) at pc=0x000000006c2303e0, pid=4908, tid=0x00000000000036fc
#
# JRE version: Java(TM) SE Runtime Environment (8.0_161-b12) (build 1.8.0_161-b12)
# Java VM: Java HotSpot(TM) 64-Bit Server VM (25.161-b12 mixed mode windows-amd64 compressed oops)
# Problematic frame:
# C  [nvoglv64.dll+0xda03e0]
#
# Failed to write core dump. Minidumps are not enabled by default on client versions of Windows
#
# If you would like to submit a bug report, please visit:
#   http://bugreport.java.com/bugreport/crash.jsp
# The crash happened outside the Java Virtual Machine in native code.
# See problematic frame for where to report the bug.
#

---------------  T H R E A D  ---------------

Current thread (0x0000000002f54800):  JavaThread "main" [_thread_in_native, id=14076, stack(0x0000000002e50000,0x0000000002f50000)]

siginfo: ExceptionCode=0xc0000005, reading address 0x0000000000000000

Registers:
RAX=0x0000000000000024, RBX=0x0000000022e7d3a0, RCX=0x000000002549b32c, RDX=0xffffffffdab64cd4
RSP=0x0000000002f4f428, RBP=0x0000000000000001, RSI=0x0000000000000003, RDI=0x000000002549b32c
R8 =0x0000000000000024, R9 =0x0000000000000003, R10=0x0000000000000000, R11=0x000000002549b32c
R12=0x0000000000000000, R13=0x000000006b490000, R14=0x0000000000000000, R15=0x0000000022e7d120
RIP=0x000000006c2303e0, EFLAGS=0x0000000000010283

Top of Stack: (sp=0x0000000002f4f428)
0x0000000002f4f428:   000000006bd6ebaa 000000001cabbca0
0x0000000002f4f438:   0000000002f4f578 0000000002f54200
0x0000000002f4f448:   000000006bc061fb 0000000002f54800
0x0000000002f4f458:   0000000000000003 0000000000000000
0x0000000002f4f468:   000000000001a10b 0000000022e7d120
0x0000000002f4f478:   000000006bd6f992 0000000022e7c080
0x0000000002f4f488:   0000000000000004 0000000000000000
0x0000000002f4f498:   0000000003068ad7 0000000002f54800
0x0000000002f4f4a8:   0000000002f4f578 000000001cabbc98
0x0000000002f4f4b8:   0000000000000000 000000000305835d
0x0000000002f4f4c8:   0000000003068c67 000000001cabbca0
0x0000000002f4f4d8:   0000000002f4f548 0000000000000108
0x0000000002f4f4e8:   000000001cabbca0 0000000000000003
0x0000000002f4f4f8:   0000000002f54800 0000000003068962
0x0000000002f4f508:   0000000002f4f508 000000001cabbc98
0x0000000002f4f518:   0000000002f4f578 000000002bc90028 

Instructions: (pc=0x000000006c2303e0)
0x000000006c2303c0:   29 41 c0 0f 29 49 d0 0f 10 44 0a e0 0f 10 4c 0a
0x000000006c2303d0:   f0 75 ad 0f 29 41 e0 49 83 e0 7f 0f 28 c1 eb 0c
0x000000006c2303e0:   0f 10 04 0a 48 83 c1 10 49 83 e8 10 4d 8b c8 49
0x000000006c2303f0:   c1 e9 04 74 1c 66 66 66 0f 1f 84 00 00 00 00 00 


Register to memory mapping:

RAX=0x0000000000000024 is an unknown value
RBX=0x0000000022e7d3a0 is an unknown value
RCX=0x000000002549b32c is an unknown value
RDX=0xffffffffdab64cd4 is an unknown value
RSP=0x0000000002f4f428 is pointing into the stack for thread: 0x0000000002f54800
RBP=0x0000000000000001 is an unknown value
RSI=0x0000000000000003 is an unknown value
RDI=0x000000002549b32c is an unknown value
R8 =0x0000000000000024 is an unknown value
R9 =0x0000000000000003 is an unknown value
R10=0x0000000000000000 is an unknown value
R11=0x000000002549b32c is an unknown value
R12=0x0000000000000000 is an unknown value
R13=0x000000006b490000 is an unknown value
R14=0x0000000000000000 is an unknown value
R15=0x0000000022e7d120 is an unknown value


Stack: [0x0000000002e50000,0x0000000002f50000],  sp=0x0000000002f4f428,  free space=1021k
Native frames: (J=compiled Java code, j=interpreted, Vv=VM code, C=native code)
C  [nvoglv64.dll+0xda03e0]
C  [nvoglv64.dll+0x8debaa]
C  [nvoglv64.dll+0x8df992]
C  0x0000000003068c67

Java frames: (J=compiled Java code, j=interpreted, Vv=VM code)
j  org.lwjgl.opengl.GL11C.glDrawArrays(III)V+0
j  org.lwjgl.opengl.GL11.glDrawArrays(III)V+3
j  Main$Renderer.renderModel(LMain$Model;)V+50
j  Main$Display.loopGL()V+119
j  Main$Display.run()V+37
j  Main.main([Ljava/lang/String;)V+39
v  ~StubRoutines::call_stub

---------------  P R O C E S S  ---------------

Java Threads: ( => current thread )
  0x000000001e441000 JavaThread "Service Thread" daemon [_thread_blocked, id=8772, stack(0x000000001fde0000,0x000000001fee0000)]
  0x000000001e3a6800 JavaThread "C1 CompilerThread3" daemon [_thread_blocked, id=6916, stack(0x000000001fce0000,0x000000001fde0000)]
  0x000000001e3a6000 JavaThread "C2 CompilerThread2" daemon [_thread_blocked, id=13572, stack(0x000000001fbe0000,0x000000001fce0000)]
  0x000000001e3a1000 JavaThread "C2 CompilerThread1" daemon [_thread_blocked, id=14060, stack(0x000000001fae0000,0x000000001fbe0000)]
  0x000000001e3ae800 JavaThread "C2 CompilerThread0" daemon [_thread_in_native, id=12800, stack(0x000000001f9e0000,0x000000001fae0000)]
  0x000000001e3ad800 JavaThread "Attach Listener" daemon [_thread_blocked, id=2988, stack(0x000000001f8e0000,0x000000001f9e0000)]
  0x000000001ccce800 JavaThread "Signal Dispatcher" daemon [_thread_blocked, id=12140, stack(0x000000001f7e0000,0x000000001f8e0000)]
  0x000000001e393800 JavaThread "Finalizer" daemon [_thread_blocked, id=10784, stack(0x000000001f5f0000,0x000000001f6f0000)]
  0x000000000304c000 JavaThread "Reference Handler" daemon [_thread_blocked, id=9680, stack(0x000000001f4f0000,0x000000001f5f0000)]
=>0x0000000002f54800 JavaThread "main" [_thread_in_native, id=14076, stack(0x0000000002e50000,0x0000000002f50000)]

Other Threads:
  0x000000001ccb6800 VMThread [stack: 0x000000001f3f0000,0x000000001f4f0000] [id=3176]
  0x000000001e46e800 WatcherThread [stack: 0x000000001fee0000,0x000000001ffe0000] [id=12472]

VM state:not at safepoint (normal execution)

VM Mutex/Monitor currently owned by a thread: None

Heap:
 PSYoungGen      total 76288K, used 26527K [0x000000076b100000, 0x0000000770600000, 0x00000007c0000000)
  eden space 65536K, 40% used [0x000000076b100000,0x000000076cae7cb8,0x000000076f100000)
  from space 10752K, 0% used [0x000000076fb80000,0x000000076fb80000,0x0000000770600000)
  to   space 10752K, 0% used [0x000000076f100000,0x000000076f100000,0x000000076fb80000)
 ParOldGen       total 175104K, used 0K [0x00000006c1200000, 0x00000006cbd00000, 0x000000076b100000)
  object space 175104K, 0% used [0x00000006c1200000,0x00000006c1200000,0x00000006cbd00000)
 Metaspace       used 9082K, capacity 9279K, committed 9600K, reserved 1058816K
  class space    used 730K, capacity 804K, committed 896K, reserved 1048576K

Card table byte_map: [0x0000000012410000,0x0000000012c10000] byte_map_base: 0x000000000ee07000

Marking Bits: (ParMarkBitMap*) 0x000000006e77f860
 Begin Bits: [0x0000000013b60000, 0x0000000017b18000)
 End Bits:   [0x0000000017b18000, 0x000000001bad0000)

Polling page: 0x0000000000be0000

CodeCache: size=245760Kb used=3147Kb max_used=3147Kb free=242612Kb
 bounds [0x0000000003050000, 0x0000000003370000, 0x0000000012050000]
 total_blobs=1596 nmethods=726 adapters=783
 compilation: enabled

Compilation events (10 events):
Event: 0.879 Thread 0x000000001e3a6800  719       3       sun.reflect.UnsafeFieldAccessorImpl::ensureObj (23 bytes)
Event: 0.879 Thread 0x000000001e3a6800 nmethod 719 0x0000000003360490 code [0x0000000003360660, 0x0000000003360fb8]
Event: 0.879 Thread 0x000000001e3a6800  700       3       java.util.zip.InflaterInputStream::<init> (79 bytes)
Event: 0.880 Thread 0x000000001e3a6800 nmethod 700 0x00000000033612d0 code [0x0000000003361480, 0x0000000003361b78]
Event: 0.881 Thread 0x000000001e3a6800  725       3       sun.misc.FDBigInteger::mult (64 bytes)
Event: 0.881 Thread 0x000000001e3a6800 nmethod 725 0x0000000003362c50 code [0x0000000003362dc0, 0x0000000003363050]
Event: 0.881 Thread 0x000000001e3a6800  726       3       sun.misc.FDBigInteger::<init> (30 bytes)
Event: 0.881 Thread 0x000000001e3a6800 nmethod 726 0x0000000003363310 code [0x0000000003363480, 0x00000000033636a8]
Event: 0.881 Thread 0x000000001e3a6800  727       3       sun.misc.FDBigInteger::trimLeadingZeros (57 bytes)
Event: 0.881 Thread 0x000000001e3a6800 nmethod 727 0x0000000003363790 code [0x0000000003363900, 0x0000000003363c30]

GC Heap History (0 events):
No events

Deoptimization events (2 events):
Event: 0.114 Thread 0x0000000002f54800 Uncommon trap: reason=unstable_if action=reinterpret pc=0x000000000315d548 method=java.lang.String.hashCode()I @ 14
Event: 0.170 Thread 0x0000000002f54800 Uncommon trap: reason=unstable_if action=reinterpret pc=0x0000000003219804 method=java.lang.String.indexOf([CII[CIII)I @ 134

Classes redefined (0 events):
No events

Internal exceptions (10 events):
Event: 0.022 Thread 0x0000000002f54800 Exception <a 'java/lang/NoSuchMethodError': Method sun.misc.Unsafe.prefetchRead(Ljava/lang/Object;J)V name or signature does not match> (0x000000076b107f88) thrown at [C:\re\workspace\8-2-build-windows-amd64-cygwin\jdk8u161\10277\hotspot\src\share\vm\prim
Event: 0.149 Thread 0x0000000002f54800 Exception <a 'java/lang/NoSuchMethodError': java.lang.Object.lambda$static$0(Ljava/lang/String;)Ljava/lang/Boolean;> (0x000000076b727ca8) thrown at [C:\re\workspace\8-2-build-windows-amd64-cygwin\jdk8u161\10277\hotspot\src\share\vm\interpreter\linkResolve
Event: 0.157 Thread 0x0000000002f54800 Exception <a 'java/lang/NoSuchFieldError': method resolution failed> (0x000000076b79fda8) thrown at [C:\re\workspace\8-2-build-windows-amd64-cygwin\jdk8u161\10277\hotspot\src\share\vm\prims\methodHandles.cpp, line 1167]
Event: 0.157 Thread 0x0000000002f54800 Exception <a 'java/lang/NoSuchFieldError': method resolution failed> (0x000000076b7ad0c8) thrown at [C:\re\workspace\8-2-build-windows-amd64-cygwin\jdk8u161\10277\hotspot\src\share\vm\prims\methodHandles.cpp, line 1167]
Event: 0.169 Thread 0x0000000002f54800 Exception <a 'java/security/PrivilegedActionException'> (0x000000076b83f488) thrown at [C:\re\workspace\8-2-build-windows-amd64-cygwin\jdk8u161\10277\hotspot\src\share\vm\prims\jvm.cpp, line 1390]
Event: 0.169 Thread 0x0000000002f54800 Exception <a 'java/security/PrivilegedActionException'> (0x000000076b83f698) thrown at [C:\re\workspace\8-2-build-windows-amd64-cygwin\jdk8u161\10277\hotspot\src\share\vm\prims\jvm.cpp, line 1390]
Event: 0.169 Thread 0x0000000002f54800 Exception <a 'java/security/PrivilegedActionException'> (0x000000076b8435a8) thrown at [C:\re\workspace\8-2-build-windows-amd64-cygwin\jdk8u161\10277\hotspot\src\share\vm\prims\jvm.cpp, line 1390]
Event: 0.169 Thread 0x0000000002f54800 Exception <a 'java/security/PrivilegedActionException'> (0x000000076b8437b8) thrown at [C:\re\workspace\8-2-build-windows-amd64-cygwin\jdk8u161\10277\hotspot\src\share\vm\prims\jvm.cpp, line 1390]
Event: 0.671 Thread 0x0000000002f54800 Exception <a 'sun/nio/fs/WindowsException'> (0x000000076bd8cae0) thrown at [C:\re\workspace\8-2-build-windows-amd64-cygwin\jdk8u161\10277\hotspot\src\share\vm\prims\jni.cpp, line 709]
Event: 0.672 Thread 0x0000000002f54800 Exception <a 'sun/nio/fs/WindowsException'> (0x000000076bd8d2b0) thrown at [C:\re\workspace\8-2-build-windows-amd64-cygwin\jdk8u161\10277\hotspot\src\share\vm\prims\jni.cpp, line 709]

Events (10 events):
Event: 0.882 loading class org/lwjgl/opengl/GL20C
Event: 0.882 loading class org/lwjgl/opengl/GL20C done
Event: 0.883 loading class org/lwjgl/opengl/GL15C
Event: 0.883 loading class org/lwjgl/opengl/GL15C done
Event: 0.883 loading class org/lwjgl/opengl/GL14C
Event: 0.883 loading class org/lwjgl/opengl/GL14C done
Event: 0.883 loading class org/lwjgl/opengl/GL13C
Event: 0.883 loading class org/lwjgl/opengl/GL13C done
Event: 0.883 loading class org/lwjgl/opengl/GL12C
Event: 0.883 loading class org/lwjgl/opengl/GL12C done


Dynamic libraries:
0x00007ff697e00000 - 0x00007ff697e37000 	C:\Program Files\Java\jdk1.8.0_161\bin\java.exe
0x00007ffff06e0000 - 0x00007ffff08c1000 	C:\WINDOWS\SYSTEM32\ntdll.dll
0x00007ffff05f0000 - 0x00007ffff06a2000 	C:\WINDOWS\System32\KERNEL32.DLL
0x00007fffed660000 - 0x00007fffed8d3000 	C:\WINDOWS\System32\KERNELBASE.dll
0x00007ffff0070000 - 0x00007ffff0111000 	C:\WINDOWS\System32\ADVAPI32.dll
0x00007fffee590000 - 0x00007fffee62e000 	C:\WINDOWS\System32\msvcrt.dll
0x00007ffff0130000 - 0x00007ffff018b000 	C:\WINDOWS\System32\sechost.dll
0x00007ffff04c0000 - 0x00007ffff05e4000 	C:\WINDOWS\System32\RPCRT4.dll
0x00007fffee350000 - 0x00007fffee4e0000 	C:\WINDOWS\System32\USER32.dll
0x00007fffedb50000 - 0x00007fffedb70000 	C:\WINDOWS\System32\win32u.dll
0x00007fffedd80000 - 0x00007fffedda8000 	C:\WINDOWS\System32\GDI32.dll
0x00007fffecb60000 - 0x00007fffeccf2000 	C:\WINDOWS\System32\gdi32full.dll
0x00007fffecd00000 - 0x00007fffecd9f000 	C:\WINDOWS\System32\msvcp_win.dll
0x00007fffecda0000 - 0x00007fffece9a000 	C:\WINDOWS\System32\ucrtbase.dll
0x00007fffdd320000 - 0x00007fffdd589000 	C:\WINDOWS\WinSxS\amd64_microsoft.windows.common-controls_6595b64144ccf1df_6.0.17134.167_none_fb4496d930639c5a\COMCTL32.dll
0x00007fffede20000 - 0x00007fffee143000 	C:\WINDOWS\System32\combase.dll
0x00007fffed8e0000 - 0x00007fffed95a000 	C:\WINDOWS\System32\bcryptPrimitives.dll
0x00007ffff0420000 - 0x00007ffff044d000 	C:\WINDOWS\System32\IMM32.DLL
0x000000006de80000 - 0x000000006df52000 	C:\Program Files\Java\jdk1.8.0_161\jre\bin\msvcr100.dll
0x000000006df60000 - 0x000000006e7ff000 	C:\Program Files\Java\jdk1.8.0_161\jre\bin\server\jvm.dll
0x00007ffff0120000 - 0x00007ffff0128000 	C:\WINDOWS\System32\PSAPI.DLL
0x00007fffe8150000 - 0x00007fffe815a000 	C:\WINDOWS\SYSTEM32\VERSION.dll
0x00007fffe96c0000 - 0x00007fffe96c9000 	C:\WINDOWS\SYSTEM32\WSOCK32.dll
0x00007fffeacb0000 - 0x00007fffeacd3000 	C:\WINDOWS\SYSTEM32\WINMM.dll
0x00007ffff0450000 - 0x00007ffff04bc000 	C:\WINDOWS\System32\WS2_32.dll
0x00007fffeac80000 - 0x00007fffeacaa000 	C:\WINDOWS\SYSTEM32\WINMMBASE.dll
0x00007fffecab0000 - 0x00007fffecaf9000 	C:\WINDOWS\System32\cfgmgr32.dll
0x000000006de30000 - 0x000000006de3f000 	C:\Program Files\Java\jdk1.8.0_161\jre\bin\verify.dll
0x000000006de00000 - 0x000000006de29000 	C:\Program Files\Java\jdk1.8.0_161\jre\bin\java.dll
0x000000006dde0000 - 0x000000006ddf6000 	C:\Program Files\Java\jdk1.8.0_161\jre\bin\zip.dll
0x00007fffeec20000 - 0x00007ffff0060000 	C:\WINDOWS\System32\SHELL32.dll
0x00007fffee4e0000 - 0x00007fffee589000 	C:\WINDOWS\System32\shcore.dll
0x00007fffecf50000 - 0x00007fffed65d000 	C:\WINDOWS\System32\windows.storage.dll
0x00007fffeddb0000 - 0x00007fffede01000 	C:\WINDOWS\System32\shlwapi.dll
0x00007fffeca90000 - 0x00007fffecaa1000 	C:\WINDOWS\System32\kernel.appcore.dll
0x00007fffeca50000 - 0x00007fffeca6f000 	C:\WINDOWS\System32\profapi.dll
0x00007fffeca00000 - 0x00007fffeca4c000 	C:\WINDOWS\System32\powrprof.dll
0x00007fffec9f0000 - 0x00007fffec9fa000 	C:\WINDOWS\System32\FLTLIB.DLL
0x000000006ddc0000 - 0x000000006ddda000 	C:\Program Files\Java\jdk1.8.0_161\jre\bin\net.dll
0x00007fffec210000 - 0x00007fffec276000 	C:\WINDOWS\system32\mswsock.dll
0x000000006dda0000 - 0x000000006ddb1000 	C:\Program Files\Java\jdk1.8.0_161\jre\bin\nio.dll
0x00007fffbfe90000 - 0x00007fffbfef1000 	C:\Users\Mike\AppData\Local\Temp\lwjglMike\3.2.0-build-12\lwjgl.dll
0x00007fffc34e0000 - 0x00007fffc353c000 	C:\Users\Mike\AppData\Local\Temp\lwjglMike\3.2.0-build-12\glfw.dll
0x00007fffeb0b0000 - 0x00007fffeb148000 	C:\WINDOWS\system32\uxtheme.dll
0x00007fffc2c90000 - 0x00007fffc2cd3000 	C:\WINDOWS\SYSTEM32\dinput8.dll
0x00007fffddcc0000 - 0x00007fffddcd0000 	C:\WINDOWS\SYSTEM32\xinput1_4.dll
0x00007fffec800000 - 0x00007fffec827000 	C:\WINDOWS\SYSTEM32\DEVOBJ.dll
0x00007fffeb180000 - 0x00007fffeb1a9000 	C:\WINDOWS\SYSTEM32\dwmapi.dll
0x00007fffd8890000 - 0x00007fffd8909000 	C:\WINDOWS\SYSTEM32\inputhost.dll
0x00007fffe78c0000 - 0x00007fffe7a0d000 	C:\WINDOWS\SYSTEM32\wintypes.dll
0x00007fffeaa80000 - 0x00007fffeab5a000 	C:\WINDOWS\SYSTEM32\CoreMessaging.dll
0x00007fffe75a0000 - 0x00007fffe78be000 	C:\WINDOWS\SYSTEM32\CoreUIComponents.dll
0x00007fffebb90000 - 0x00007fffebbc1000 	C:\WINDOWS\SYSTEM32\ntmarta.dll
0x00007fffee650000 - 0x00007fffee7c5000 	C:\WINDOWS\System32\MSCTF.dll
0x00007ffff02f0000 - 0x00007ffff03b2000 	C:\WINDOWS\System32\OLEAUT32.dll
0x00007fffeb720000 - 0x00007fffeb72c000 	C:\WINDOWS\SYSTEM32\HID.DLL
0x00007fffee7d0000 - 0x00007fffeec1b000 	C:\WINDOWS\System32\SETUPAPI.DLL
0x00007fffecb00000 - 0x00007fffecb57000 	C:\WINDOWS\System32\WINTRUST.dll
0x00007fffeca70000 - 0x00007fffeca82000 	C:\WINDOWS\System32\MSASN1.dll
0x00007fffed960000 - 0x00007fffedb42000 	C:\WINDOWS\System32\CRYPT32.dll
0x00007fffd90c0000 - 0x00007fffd91e0000 	C:\WINDOWS\SYSTEM32\opengl32.dll
0x00007fffe2fe0000 - 0x00007fffe300c000 	C:\WINDOWS\SYSTEM32\GLU32.dll
0x000000006b490000 - 0x000000006db15000 	C:\WINDOWS\System32\DriverStore\FileRepository\nv_dispi.inf_amd64_485c1c3102021986\nvoglv64.dll
0x00007ffff0190000 - 0x00007ffff02e1000 	C:\WINDOWS\System32\ole32.dll
0x00007fffe93e0000 - 0x00007fffe93f3000 	C:\WINDOWS\SYSTEM32\WTSAPI32.dll
0x00007fffc6f10000 - 0x00007fffc7154000 	C:\WINDOWS\system32\nvspcap64.dll
0x00007fffec420000 - 0x00007fffec476000 	C:\WINDOWS\SYSTEM32\WINSTA.dll
0x00007fffd8a30000 - 0x00007fffd8ac8000 	C:\WINDOWS\System32\TextInputFramework.dll
0x00007fffc7a30000 - 0x00007fffc7a89000 	C:\Users\Mike\AppData\Local\Temp\lwjglMike\3.2.0-build-12\lwjgl_opengl.dll
0x00007fffde650000 - 0x00007fffde819000 	C:\WINDOWS\SYSTEM32\dbghelp.dll

VM Arguments:
jvm_args: -Dfile.encoding=UTF-8 
java_command: Main -XstartOnFirstThread
java_class_path (initial): D:\Projects\lib\lwjgl3.2\joml-1.9.10-sources.jar;D:\Projects\lib\lwjgl3.2\joml-1.9.10.jar;D:\Projects\lib\lwjgl3.2\joml-jdk8-1.9.10.jar;D:\Projects\lib\lwjgl3.2\lwjgl-assimp-javadoc.jar;D:\Projects\lib\lwjgl3.2\lwjgl-assimp-natives-windows.jar;D:\Projects\lib\lwjgl3.2\lwjgl-assimp-sources.jar;D:\Projects\lib\lwjgl3.2\lwjgl-assimp.jar;D:\Projects\lib\lwjgl3.2\lwjgl-bgfx-javadoc.jar;D:\Projects\lib\lwjgl3.2\lwjgl-bgfx-natives-windows.jar;D:\Projects\lib\lwjgl3.2\lwjgl-bgfx-sources.jar;D:\Projects\lib\lwjgl3.2\lwjgl-bgfx.jar;D:\Projects\lib\lwjgl3.2\lwjgl-egl-javadoc.jar;D:\Projects\lib\lwjgl3.2\lwjgl-egl-sources.jar;D:\Projects\lib\lwjgl3.2\lwjgl-egl.jar;D:\Projects\lib\lwjgl3.2\lwjgl-glfw-javadoc.jar;D:\Projects\lib\lwjgl3.2\lwjgl-glfw-natives-windows.jar;D:\Projects\lib\lwjgl3.2\lwjgl-glfw-sources.jar;D:\Projects\lib\lwjgl3.2\lwjgl-glfw.jar;D:\Projects\lib\lwjgl3.2\lwjgl-javadoc.jar;D:\Projects\lib\lwjgl3.2\lwjgl-jawt-javadoc.jar;D:\Projects\lib\lwjgl3.2\lwjgl-jawt-sources.jar;D:\Projects\lib\lwjgl3.2\lwjgl-jawt.jar;D:\Projects\lib\lwjgl3.2\lwjgl-jemalloc-javadoc.jar;D:\Projects\lib\lwjgl3.2\lwjgl-jemalloc-natives-windows.jar;D:\Projects\lib\lwjgl3.2\lwjgl-jemalloc-sources.jar;D:\Projects\lib\lwjgl3.2\lwjgl-jemalloc.jar;D:\Projects\lib\lwjgl3.2\lwjgl-lmdb-javadoc.jar;D:\Projects\lib\lwjgl3.2\lwjgl-lmdb-natives-windows.jar;D:\Projects\lib\lwjgl3.2\lwjgl-lmdb-sources.jar;D:\Projects\lib\lwjgl3.2\lwjgl-lmdb.jar;D:\Projects\lib\lwjgl3.2\lwjgl-lz4-javadoc.jar;D:\Projects\lib\lwjgl3.2\lwjgl-lz4-natives-windows.jar;D:\Projects\lib\lwjgl3.2\lwjgl-lz4-sources.jar;D:\Projects\lib\lwjgl3.2\lwjgl-lz4.jar;D:\Projects\lib\lwjgl3.2\lwjgl-nanovg-javadoc.jar;D:\Projects\lib\lwjgl3.2\lwjgl-nanovg-natives-windows.jar;D:\Projects\lib\lwjgl3.2\lwjgl-nanovg-sources.jar;D:\Projects\lib\lwjgl3.2\lwjgl-nanovg.jar;D:\Projects\lib\lwjgl3.2\lwjgl-natives-windows.jar;D:\Projects\lib\lwjgl3.2\lwjgl-nfd-javadoc.jar;D:\Projects\lib\lwjgl3.2\lwjgl-nfd-natives-windows.ja
Launcher Type: SUN_STANDARD

Environment Variables:
JAVA_HOME=C:\Program Files\Java\jdk1.8.0_161
PATH=C:\Program Files (x86)\Common Files\Oracle\Java\javapath;C:\ProgramData\Oracle\Java\javapath;C:\Windows\system32;C:\Windows;C:\Windows\System32\Wbem;C:\Windows\System32\WindowsPowerShell\v1.0\;C:\Program Files (x86)\NVIDIA Corporation\PhysX\Common;C:\Program Files\Git\cmd;D:\Eth;D:\ProgramFiles\AOMEI Backupper;C:\WINDOWS\system32;C:\WINDOWS;C:\WINDOWS\System32\Wbem;C:\WINDOWS\System32\WindowsPowerShell\v1.0\;C:\WINDOWS\System32\OpenSSH\;C:\Program Files\Apache\maven\bin;C:\WINDOWS\system32\config\systemprofile\.dnx\bin;C:\Program Files\Microsoft DNX\Dnvm\;C:\Program Files (x86)\Windows Kits\8.1\Windows Performance Toolkit\;C:\Program Files\Microsoft SQL Server\120\Tools\Binn\;C:\Program Files\Microsoft SQL Server\130\Tools\Binn\;C:\Users\Mike\AppData\Local\Microsoft\WindowsApps;C:\Users\Mike\AppData\Local\atom\bin;%USERPROFILE%\AppData\Local\Microsoft\WindowsApps;
USERNAME=Mike
OS=Windows_NT
PROCESSOR_IDENTIFIER=Intel64 Family 6 Model 158 Stepping 10, GenuineIntel



---------------  S Y S T E M  ---------------

OS: Windows 10.0 , 64 bit Build 17134 (10.0.17134.1)

CPU:total 12 (initial active 12) (6 cores per cpu, 2 threads per core) family 6 model 158 stepping 10, cmov, cx8, fxsr, mmx, sse, sse2, sse3, ssse3, sse4.1, sse4.2, popcnt, avx, avx2, aes, clmul, erms, rtm, 3dnowpref, lzcnt, ht, tsc, tscinvbit, bmi1, bmi2, adx

Memory: 4k page, physical 16699800k(10673104k free), swap 19190168k(10127032k free)

vm_info: Java HotSpot(TM) 64-Bit Server VM (25.161-b12) for windows-amd64 JRE (1.8.0_161-b12), built on Dec 19 2017 17:52:25 by "java_re" with MS VC++ 10.0 (VS2010)

time: Thu Aug 02 18:05:12 2018
elapsed time: 0 seconds (0d 0h 0m 0s)

